<?xml version="1.0" encoding="UTF-8"?>
<testng-results ignored="0" total="4" passed="3" failed="1" skipped="0">
  <reporter-output>
  </reporter-output>
  <suite started-at="2022-08-09T11:14:28 IST" name="Suite" finished-at="2022-08-09T11:14:46 IST" duration-ms="17668">
    <groups>
    </groups>
    <test started-at="2022-08-09T11:14:28 IST" name="Test" finished-at="2022-08-09T11:14:46 IST" duration-ms="17668">
      <class name="com.sauce.TestcaseClass.TC003_VerifySingleProductAddtocartFunctinality">
        <test-method is-config="true" signature="setUpMethod(java.lang.String)[pri:0, instance:com.sauce.TestcaseClass.TC003_VerifySingleProductAddtocartFunctinality@66d3eec0]" started-at="2022-08-09T11:14:29 IST" name="setUpMethod" finished-at="2022-08-09T11:14:44 IST" duration-ms="15319" status="PASS">
          <params>
            <param index="0">
              <value>
                <![CDATA[chrome]]>
              </value>
            </param>
          </params>
          <reporter-output>
          </reporter-output>
        </test-method> <!-- setUpMethod -->
        <test-method signature="verfySingleBagFunctionality()[pri:0, instance:com.sauce.TestcaseClass.TC003_VerifySingleProductAddtocartFunctinality@66d3eec0]" started-at="2022-08-09T11:14:44 IST" name="verfySingleBagFunctionality" finished-at="2022-08-09T11:14:44 IST" duration-ms="440" status="PASS">
          <reporter-output>
          </reporter-output>
        </test-method> <!-- verfySingleBagFunctionality -->
        <test-method is-config="true" signature="tearDownMethod()[pri:0, instance:com.sauce.TestcaseClass.TC003_VerifySingleProductAddtocartFunctinality@66d3eec0]" started-at="2022-08-09T11:14:44 IST" name="tearDownMethod" finished-at="2022-08-09T11:14:45 IST" duration-ms="526" status="PASS">
          <reporter-output>
          </reporter-output>
        </test-method> <!-- tearDownMethod -->
      </class> <!-- com.sauce.TestcaseClass.TC003_VerifySingleProductAddtocartFunctinality -->
      <class name="com.sauce.TestcaseClass.TC002_VerifyLogOutFunctionality">
        <test-method is-config="true" signature="setUpMethod(java.lang.String)[pri:0, instance:com.sauce.TestcaseClass.TC002_VerifyLogOutFunctionality@7a419da4]" started-at="2022-08-09T11:14:29 IST" name="setUpMethod" finished-at="2022-08-09T11:14:43 IST" duration-ms="14678" status="PASS">
          <params>
            <param index="0">
              <value>
                <![CDATA[chrome]]>
              </value>
            </param>
          </params>
          <reporter-output>
          </reporter-output>
        </test-method> <!-- setUpMethod -->
        <test-method signature="logOutFunctionality()[pri:0, instance:com.sauce.TestcaseClass.TC002_VerifyLogOutFunctionality@7a419da4]" started-at="2022-08-09T11:14:43 IST" name="logOutFunctionality" finished-at="2022-08-09T11:14:44 IST" duration-ms="948" status="PASS">
          <reporter-output>
          </reporter-output>
        </test-method> <!-- logOutFunctionality -->
        <test-method is-config="true" signature="tearDownMethod()[pri:0, instance:com.sauce.TestcaseClass.TC002_VerifyLogOutFunctionality@7a419da4]" started-at="2022-08-09T11:14:44 IST" name="tearDownMethod" finished-at="2022-08-09T11:14:45 IST" duration-ms="659" status="PASS">
          <reporter-output>
          </reporter-output>
        </test-method> <!-- tearDownMethod -->
      </class> <!-- com.sauce.TestcaseClass.TC002_VerifyLogOutFunctionality -->
      <class name="com.sauce.TestcaseClass.TC001_VerifyloginFunctionality">
        <test-method is-config="true" signature="setUpMethod(java.lang.String)[pri:0, instance:com.sauce.TestcaseClass.TC001_VerifyloginFunctionality@1e04fa0a]" started-at="2022-08-09T11:14:29 IST" name="setUpMethod" finished-at="2022-08-09T11:14:46 IST" duration-ms="17130" status="PASS">
          <params>
            <param index="0">
              <value>
                <![CDATA[chrome]]>
              </value>
            </param>
          </params>
          <reporter-output>
          </reporter-output>
        </test-method> <!-- setUpMethod -->
        <test-method signature="loginFunctionality()[pri:0, instance:com.sauce.TestcaseClass.TC001_VerifyloginFunctionality@1e04fa0a]" started-at="2022-08-09T11:14:46 IST" name="loginFunctionality" finished-at="2022-08-09T11:14:46 IST" duration-ms="192" status="PASS">
          <reporter-output>
          </reporter-output>
        </test-method> <!-- loginFunctionality -->
        <test-method is-config="true" signature="tearDownMethod()[pri:0, instance:com.sauce.TestcaseClass.TC001_VerifyloginFunctionality@1e04fa0a]" started-at="2022-08-09T11:14:46 IST" name="tearDownMethod" finished-at="2022-08-09T11:14:46 IST" duration-ms="282" status="PASS">
          <reporter-output>
          </reporter-output>
        </test-method> <!-- tearDownMethod -->
      </class> <!-- com.sauce.TestcaseClass.TC001_VerifyloginFunctionality -->
      <class name="com.sauce.TestcaseClass.TC004_VerifyMultiproductFunctionality">
        <test-method is-config="true" signature="setUpMethod(java.lang.String)[pri:0, instance:com.sauce.TestcaseClass.TC004_VerifyMultiproductFunctionality@1af2d44a]" started-at="2022-08-09T11:14:29 IST" name="setUpMethod" finished-at="2022-08-09T11:14:42 IST" duration-ms="13223" status="PASS">
          <params>
            <param index="0">
              <value>
                <![CDATA[chrome]]>
              </value>
            </param>
          </params>
          <reporter-output>
          </reporter-output>
        </test-method> <!-- setUpMethod -->
        <test-method signature="verifyMultipleProductFunctionality()[pri:0, instance:com.sauce.TestcaseClass.TC004_VerifyMultiproductFunctionality@1af2d44a]" started-at="2022-08-09T11:14:42 IST" name="verifyMultipleProductFunctionality" finished-at="2022-08-09T11:14:44 IST" duration-ms="1781" status="FAIL">
          <exception class="java.lang.AssertionError">
            <message>
              <![CDATA[expected [6] but found [3]]]>
            </message>
            <full-stacktrace>
              <![CDATA[java.lang.AssertionError: expected [6] but found [3]
at org.testng.Assert.fail(Assert.java:99)
at org.testng.Assert.failNotEquals(Assert.java:1037)
at org.testng.Assert.assertEqualsImpl(Assert.java:140)
at org.testng.Assert.assertEquals(Assert.java:122)
at org.testng.Assert.assertEquals(Assert.java:629)
at org.testng.Assert.assertEquals(Assert.java:639)
at com.sauce.TestcaseClass.TC004_VerifyMultiproductFunctionality.verifyMultipleProductFunctionality(TC004_VerifyMultiproductFunctionality.java:35)
at java.base/jdk.internal.reflect.NativeMethodAccessorImpl.invoke0(Native Method)
at java.base/jdk.internal.reflect.NativeMethodAccessorImpl.invoke(NativeMethodAccessorImpl.java:77)
at java.base/jdk.internal.reflect.DelegatingMethodAccessorImpl.invoke(DelegatingMethodAccessorImpl.java:43)
at java.base/java.lang.reflect.Method.invoke(Method.java:568)
at org.testng.internal.MethodInvocationHelper.invokeMethod(MethodInvocationHelper.java:133)
at org.testng.internal.TestInvoker.invokeMethod(TestInvoker.java:598)
at org.testng.internal.TestInvoker.invokeTestMethod(TestInvoker.java:173)
at org.testng.internal.MethodRunner.runInSequence(MethodRunner.java:46)
at org.testng.internal.TestInvoker$MethodInvocationAgent.invoke(TestInvoker.java:824)
at org.testng.internal.TestInvoker.invokeTestMethods(TestInvoker.java:146)
at org.testng.internal.TestMethodWorker.invokeTestMethods(TestMethodWorker.java:146)
at org.testng.internal.TestMethodWorker.run(TestMethodWorker.java:128)
at java.base/java.util.concurrent.ThreadPoolExecutor.runWorker(ThreadPoolExecutor.java:1136)
at java.base/java.util.concurrent.ThreadPoolExecutor$Worker.run(ThreadPoolExecutor.java:635)
at java.base/java.lang.Thread.run(Thread.java:833)
]]>
            </full-stacktrace>
          </exception> <!-- java.lang.AssertionError -->
          <reporter-output>
          </reporter-output>
        </test-method> <!-- verifyMultipleProductFunctionality -->
        <test-method is-config="true" signature="tearDownMethod()[pri:0, instance:com.sauce.TestcaseClass.TC004_VerifyMultiproductFunctionality@1af2d44a]" started-at="2022-08-09T11:14:44 IST" name="tearDownMethod" finished-at="2022-08-09T11:14:45 IST" duration-ms="1277" status="PASS">
          <reporter-output>
          </reporter-output>
        </test-method> <!-- tearDownMethod -->
      </class> <!-- com.sauce.TestcaseClass.TC004_VerifyMultiproductFunctionality -->
    </test> <!-- Test -->
  </suite> <!-- Suite -->
</testng-results>
